<?xml version="1.0" encoding="UTF-8"?>
<!-- Generated by org.testng.reporters.JUnitXMLReporter -->
<testsuite ignored="0" hostname="DESKTOP-FRTG4UG" failures="0" tests="5" name="Surefire test" time="0.248" errors="0" timestamp="2025-07-21T18:19:56 IST">
  <testcase classname="Annotation.NewTest" name="newtest1" time="0.022"/>
  <testcase classname="Annotation.NewTest" name="newtest2" time="0.006"/>
  <testcase classname="MavenTestNg.MavenTestNG.NewTest" name="f" time="0.009"/>
  <testcase classname="MavenTestNg.MavenTestNG.Testcase1" name="f" time="0.001"/>
  <testcase classname="Retrywithxml.Testcase_Excution" name="f" time="0.001"/>
</testsuite> <!-- Surefire test -->
