<?xml version="1.0" encoding="UTF-8"?>
<testsuite xmlns:xsi="http://www.w3.org/2001/XMLSchema-instance" xsi:noNamespaceSchemaLocation="https://maven.apache.org/surefire/maven-surefire-plugin/xsd/surefire-test-report-3.0.xsd" version="3.0" name="TestSuite" time="2.27" tests="5" errors="0" skipped="0" failures="0">
  <properties>
[...]
</properties>
  <testcase name="newtest1" classname="Annotation.NewTest" time="0.015">
    <system-out><![CDATA[this is my before suite
this is my before testthis is my before class
this is my before method 
this is my first test case:1
]]></system-out>
    <system-err><![CDATA[SLF4J(W): No SLF4J providers were found.
SLF4J(W): Defaulting to no-operation (NOP) logger implementation
SLF4J(W): See https://www.slf4j.org/codes.html#noProviders for further details.
]]></system-err>
  </testcase>
  <testcase name="newtest2" classname="Annotation.NewTest" time="0.01">
    <system-out><![CDATA[this is my after method 
this is my before method 
this is my second testcase:2
]]></system-out>
  </testcase>
  <testcase name="f" classname="MavenTestNg.MavenTestNG.NewTest" time="0.0">
    <system-out><![CDATA[this is my after method 
this my after classthis is my precondation areai need a valid application urlthis is my area]]></system-out>
  </testcase>
  <testcase name="f" classname="MavenTestNg.MavenTestNG.Testcase1" time="0.0">
    <system-out><![CDATA[close the application of the urlthis is my postcondation area
]]></system-out>
  </testcase>
  <testcase name="f" classname="Retrywithxml.Testcase_Excution" time="0.001"/>
</testsuite>