<?xml version="1.0" encoding="UTF-8"?>
<testng-results ignored="0" total="5" passed="5" failed="0" skipped="0">
  <reporter-output>
  </reporter-output>
  <suite started-at="2025-07-21T18:19:56 IST" name="Surefire suite" finished-at="2025-07-21T18:19:56 IST" duration-ms="248">
    <groups>
    </groups>
    <test started-at="2025-07-21T18:19:56 IST" name="Surefire test" finished-at="2025-07-21T18:19:56 IST" duration-ms="248">
      <class name="Annotation.NewTest">
        <test-method is-config="true" signature="beforeSuite()[pri:0, instance:Annotation.NewTest@130161f7]" started-at="2025-07-21T18:19:56 IST" name="beforeSuite" finished-at="2025-07-21T18:19:56 IST" duration-ms="26" status="PASS">
          <reporter-output>
          </reporter-output>
        </test-method> <!-- beforeSuite -->
        <test-method is-config="true" signature="beforeTest()[pri:0, instance:Annotation.NewTest@130161f7]" started-at="2025-07-21T18:19:56 IST" name="beforeTest" finished-at="2025-07-21T18:19:56 IST" duration-ms="0" status="PASS">
          <reporter-output>
          </reporter-output>
        </test-method> <!-- beforeTest -->
        <test-method is-config="true" signature="beforeClass()[pri:0, instance:Annotation.NewTest@130161f7]" started-at="2025-07-21T18:19:56 IST" name="beforeClass" finished-at="2025-07-21T18:19:56 IST" duration-ms="1" status="PASS">
          <reporter-output>
          </reporter-output>
        </test-method> <!-- beforeClass -->
        <test-method is-config="true" signature="beforeMethod()[pri:0, instance:Annotation.NewTest@130161f7]" started-at="2025-07-21T18:19:56 IST" name="beforeMethod" finished-at="2025-07-21T18:19:56 IST" duration-ms="1" status="PASS">
          <reporter-output>
          </reporter-output>
        </test-method> <!-- beforeMethod -->
        <test-method signature="newtest1()[pri:0, instance:Annotation.NewTest@130161f7]" started-at="2025-07-21T18:19:56 IST" name="newtest1" finished-at="2025-07-21T18:19:56 IST" duration-ms="22" status="PASS">
          <reporter-output>
          </reporter-output>
        </test-method> <!-- newtest1 -->
        <test-method is-config="true" signature="afterMethod()[pri:0, instance:Annotation.NewTest@130161f7]" started-at="2025-07-21T18:19:56 IST" name="afterMethod" finished-at="2025-07-21T18:19:56 IST" duration-ms="10" status="PASS">
          <reporter-output>
          </reporter-output>
        </test-method> <!-- afterMethod -->
        <test-method is-config="true" signature="beforeMethod()[pri:0, instance:Annotation.NewTest@130161f7]" started-at="2025-07-21T18:19:56 IST" name="beforeMethod" finished-at="2025-07-21T18:19:56 IST" duration-ms="0" status="PASS">
          <reporter-output>
          </reporter-output>
        </test-method> <!-- beforeMethod -->
        <test-method signature="newtest2()[pri:0, instance:Annotation.NewTest@130161f7]" started-at="2025-07-21T18:19:56 IST" name="newtest2" finished-at="2025-07-21T18:19:56 IST" duration-ms="6" status="PASS">
          <reporter-output>
          </reporter-output>
        </test-method> <!-- newtest2 -->
        <test-method is-config="true" signature="afterMethod()[pri:0, instance:Annotation.NewTest@130161f7]" started-at="2025-07-21T18:19:56 IST" name="afterMethod" finished-at="2025-07-21T18:19:56 IST" duration-ms="0" status="PASS">
          <reporter-output>
          </reporter-output>
        </test-method> <!-- afterMethod -->
        <test-method is-config="true" signature="afterClass()[pri:0, instance:Annotation.NewTest@130161f7]" started-at="2025-07-21T18:19:56 IST" name="afterClass" finished-at="2025-07-21T18:19:56 IST" duration-ms="1" status="PASS">
          <reporter-output>
          </reporter-output>
        </test-method> <!-- afterClass -->
        <test-method is-config="true" signature="afterTest()[pri:0, instance:Annotation.NewTest@130161f7]" started-at="2025-07-21T18:19:56 IST" name="afterTest" finished-at="2025-07-21T18:19:56 IST" duration-ms="0" status="PASS">
          <reporter-output>
          </reporter-output>
        </test-method> <!-- afterTest -->
        <test-method is-config="true" signature="afterSuite()[pri:0, instance:Annotation.NewTest@130161f7]" started-at="2025-07-21T18:19:56 IST" name="afterSuite" finished-at="2025-07-21T18:19:56 IST" duration-ms="2" status="PASS">
          <reporter-output>
          </reporter-output>
        </test-method> <!-- afterSuite -->
      </class> <!-- Annotation.NewTest -->
      <class name="MavenTestNg.MavenTestNG.Testcase1">
        <test-method is-config="true" signature="beforeClass()[pri:0, instance:MavenTestNg.MavenTestNG.Testcase1@243c4f91]" started-at="2025-07-21T18:19:56 IST" name="beforeClass" finished-at="2025-07-21T18:19:56 IST" duration-ms="0" status="PASS">
          <reporter-output>
          </reporter-output>
        </test-method> <!-- beforeClass -->
        <test-method signature="f()[pri:0, instance:MavenTestNg.MavenTestNG.Testcase1@243c4f91]" started-at="2025-07-21T18:19:56 IST" name="f" finished-at="2025-07-21T18:19:56 IST" duration-ms="1" status="PASS">
          <reporter-output>
          </reporter-output>
        </test-method> <!-- f -->
        <test-method is-config="true" signature="afterClass()[pri:0, instance:MavenTestNg.MavenTestNG.Testcase1@243c4f91]" started-at="2025-07-21T18:19:56 IST" name="afterClass" finished-at="2025-07-21T18:19:56 IST" duration-ms="2" status="PASS">
          <reporter-output>
          </reporter-output>
        </test-method> <!-- afterClass -->
      </class> <!-- MavenTestNg.MavenTestNG.Testcase1 -->
      <class name="Retrywithxml.Testcase_Excution">
        <test-method signature="f()[pri:0, instance:Retrywithxml.Testcase_Excution@291ae]" started-at="2025-07-21T18:19:56 IST" name="f" finished-at="2025-07-21T18:19:56 IST" duration-ms="1" status="PASS">
          <reporter-output>
          </reporter-output>
        </test-method> <!-- f -->
      </class> <!-- Retrywithxml.Testcase_Excution -->
      <class name="MavenTestNg.MavenTestNG.NewTest">
        <test-method is-config="true" signature="beforeClass()[pri:0, instance:MavenTestNg.MavenTestNG.NewTest@2ef3eef9]" started-at="2025-07-21T18:19:56 IST" name="beforeClass" finished-at="2025-07-21T18:19:56 IST" duration-ms="1" status="PASS">
          <reporter-output>
          </reporter-output>
        </test-method> <!-- beforeClass -->
        <test-method is-config="true" signature="beforeMethod()[pri:0, instance:MavenTestNg.MavenTestNG.NewTest@2ef3eef9]" started-at="2025-07-21T18:19:56 IST" name="beforeMethod" finished-at="2025-07-21T18:19:56 IST" duration-ms="6" status="PASS">
          <reporter-output>
          </reporter-output>
        </test-method> <!-- beforeMethod -->
        <test-method signature="f()[pri:0, instance:MavenTestNg.MavenTestNG.NewTest@2ef3eef9]" started-at="2025-07-21T18:19:56 IST" name="f" finished-at="2025-07-21T18:19:56 IST" duration-ms="9" status="PASS">
          <reporter-output>
          </reporter-output>
        </test-method> <!-- f -->
        <test-method is-config="true" signature="afterMethod()[pri:0, instance:MavenTestNg.MavenTestNG.NewTest@2ef3eef9]" started-at="2025-07-21T18:19:56 IST" name="afterMethod" finished-at="2025-07-21T18:19:56 IST" duration-ms="2" status="PASS">
          <reporter-output>
          </reporter-output>
        </test-method> <!-- afterMethod -->
        <test-method is-config="true" signature="afterClass()[pri:0, instance:MavenTestNg.MavenTestNG.NewTest@2ef3eef9]" started-at="2025-07-21T18:19:56 IST" name="afterClass" finished-at="2025-07-21T18:19:56 IST" duration-ms="2" status="PASS">
          <reporter-output>
          </reporter-output>
        </test-method> <!-- afterClass -->
      </class> <!-- MavenTestNg.MavenTestNG.NewTest -->
    </test> <!-- Surefire test -->
  </suite> <!-- Surefire suite -->
</testng-results>
