<?xml version="1.0" encoding="UTF-8"?>
<testng-results ignored="0" total="2" passed="2" failed="0" skipped="0">
  <reporter-output>
  </reporter-output>
  <suite started-at="2025-08-13T01:48:41 IST" name=" Parallel Testing " finished-at="2025-08-13T01:48:42 IST" duration-ms="255">
    <groups>
    </groups>
    <test started-at="2025-08-13T01:48:41 IST" name="Test paralled" finished-at="2025-08-13T01:48:42 IST" duration-ms="255">
      <class name="Annotation.ParallelTestCaseInTestNG">
        <test-method signature="test1()[pri:0, instance:Annotation.ParallelTestCaseInTestNG@fbd1f6]" started-at="2025-08-13T01:48:41 IST" name="test1" finished-at="2025-08-13T01:48:41 IST" duration-ms="30" status="PASS">
          <reporter-output>
          </reporter-output>
        </test-method> <!-- test1 -->
        <test-method signature="test2()[pri:0, instance:Annotation.ParallelTestCaseInTestNG@fbd1f6]" started-at="2025-08-13T01:48:41 IST" name="test2" finished-at="2025-08-13T01:48:41 IST" duration-ms="31" status="PASS">
          <reporter-output>
          </reporter-output>
        </test-method> <!-- test2 -->
      </class> <!-- Annotation.ParallelTestCaseInTestNG -->
    </test> <!-- Test paralled -->
  </suite> <!--  Parallel Testing  -->
</testng-results>
