<?xml version="1.0" encoding="UTF-8"?>
<!-- Generated by org.testng.reporters.JUnitReportReporter -->
<testsuite hostname="DESKTOP-FRTG4UG" failures="0" tests="5" name="Annotation.Annotation1" time="0.055" errors="0" timestamp="2025-08-01T00:35:51 IST" skipped="1">
  <testcase classname="Annotation.Annotation1" name="facebooklogin" time="0.013"/>
  <testcase classname="Annotation.Annotation1" name="facebooklogin" time="0.003"/>
  <testcase classname="Annotation.Annotation1" name="facebooklogin" time="0.006"/>
  <testcase classname="Annotation.Annotation1" name="facebookLogout" time="0.033"/>
  <testcase classname="Annotation.Annotation1" name="searchBox">
    <skipped/>
  </testcase> <!-- searchBox -->
</testsuite> <!-- Annotation.Annotation1 -->
