<?xml version="1.0" encoding="UTF-8"?>
<!-- Generated by org.testng.reporters.JUnitReportReporter -->
<testsuite hostname="DESKTOP-FRTG4UG" failures="0" tests="2" name="Annotation.ParallelTestCaseInTestNG" time="0.061" errors="0" timestamp="2025-08-13T01:48:42 IST" skipped="0">
  <testcase classname="Annotation.ParallelTestCaseInTestNG" name="test1" time="0.030"/>
  <testcase classname="Annotation.ParallelTestCaseInTestNG" name="test2" time="0.031"/>
</testsuite> <!-- Annotation.ParallelTestCaseInTestNG -->
