<?xml version="1.0" encoding="UTF-8"?>
<!-- Generated by org.testng.reporters.JUnitReportReporter -->
<testsuite hostname="DESKTOP-FRTG4UG" failures="0" tests="1" name="Retrywithxml.Testcase_Excution" time="0.055" errors="1" timestamp="2025-07-23T19:11:48 IST" skipped="0">
  <testcase classname="Retrywithxml.Testcase_Excution" name="beforetest" time="0.055">
    <error message="Unresolved compilation problems: 
	The annotation @BeforeTest is disallowed for this location
	void[] is an invalid type
	Syntax error on token &quot;besttest&quot;, AnnotationName expected after this token
	Illegal modifier for parameter besttest; only final is permitted
	Syntax error, insert &quot;[ ]&quot; to complete Dimension
	Syntax error, insert &quot;;&quot; to complete BlockStatements
	driver cannot be resolved to a variable
	AfterTest cannot be resolved to a type
	void[] is an invalid type
	Syntax error on token &quot;aftertest&quot;, AnnotationName expected after this token
	Illegal modifier for parameter aftertest; only final is permitted
	Syntax error, insert &quot;[ ]&quot; to complete Dimension
	Syntax error, insert &quot;;&quot; to complete LocalVariableDeclarationStatement
	driver cannot be resolved
	Syntax error, insert &quot;enum Identifier&quot; to complete EnumHeader
	Syntax error, insert &quot;EnumBody&quot; to complete BlockStatement
" type="java.lang.Error">
      <![CDATA[java.lang.Error: Unresolved compilation problems: 
The annotation @BeforeTest is disallowed for this location
void[] is an invalid type
Syntax error on token "besttest", AnnotationName expected after this token
Illegal modifier for parameter besttest; only final is permitted
Syntax error, insert "[ ]" to complete Dimension
Syntax error, insert ";" to complete BlockStatements
driver cannot be resolved to a variable
AfterTest cannot be resolved to a type
void[] is an invalid type
Syntax error on token "aftertest", AnnotationName expected after this token
Illegal modifier for parameter aftertest; only final is permitted
Syntax error, insert "[ ]" to complete Dimension
Syntax error, insert ";" to complete LocalVariableDeclarationStatement
driver cannot be resolved
Syntax error, insert "enum Identifier" to complete EnumHeader
Syntax error, insert "EnumBody" to complete BlockStatement

at Retrywithxml.Testcase_Excution.beforetest(Testcase_Excution.java:15)
at java.base/jdk.internal.reflect.DirectMethodHandleAccessor.invoke(DirectMethodHandleAccessor.java:103)
at java.base/java.lang.reflect.Method.invoke(Method.java:580)
at org.testng.internal.invokers.MethodInvocationHelper.invokeMethod(MethodInvocationHelper.java:141)
at org.testng.internal.invokers.TestInvoker.invokeMethod(TestInvoker.java:687)
at org.testng.internal.invokers.TestInvoker.invokeTestMethod(TestInvoker.java:230)
at org.testng.internal.invokers.MethodRunner.runInSequence(MethodRunner.java:63)
at org.testng.internal.invokers.TestInvoker$MethodInvocationAgent.invoke(TestInvoker.java:995)
at org.testng.internal.invokers.TestInvoker.invokeTestMethods(TestInvoker.java:203)
at org.testng.internal.invokers.TestMethodWorker.invokeTestMethods(TestMethodWorker.java:154)
at org.testng.internal.invokers.TestMethodWorker.run(TestMethodWorker.java:134)
at java.base/java.util.ArrayList.forEach(ArrayList.java:1597)
at org.testng.TestRunner.privateRun(TestRunner.java:741)
at org.testng.TestRunner.run(TestRunner.java:616)
at org.testng.SuiteRunner.runTest(SuiteRunner.java:421)
at org.testng.SuiteRunner.runSequentially(SuiteRunner.java:413)
at org.testng.SuiteRunner.privateRun(SuiteRunner.java:373)
at org.testng.SuiteRunner.run(SuiteRunner.java:312)
at org.testng.SuiteRunnerWorker.runSuite(SuiteRunnerWorker.java:52)
at org.testng.SuiteRunnerWorker.run(SuiteRunnerWorker.java:95)
at org.testng.TestNG.runSuitesSequentially(TestNG.java:1274)
at org.testng.TestNG.runSuitesLocally(TestNG.java:1208)
at org.testng.TestNG.runSuites(TestNG.java:1112)
at org.testng.TestNG.run(TestNG.java:1079)
at org.testng.remote.AbstractRemoteTestNG.run(AbstractRemoteTestNG.java:115)
at org.testng.remote.RemoteTestNG.initAndRun(RemoteTestNG.java:293)
at org.testng.remote.RemoteTestNG.main(RemoteTestNG.java:91)
]]>
    </error>
  </testcase> <!-- beforetest -->
</testsuite> <!-- Retrywithxml.Testcase_Excution -->
